<?xml version="1.0" encoding="UTF-8"?>
<testsuite xmlns:xsi="http://www.w3.org/2001/XMLSchema-instance" xsi:noNamespaceSchemaLocation="https://maven.apache.org/surefire/maven-surefire-plugin/xsd/surefire-test-report-3.0.xsd" version="3.0" name="org.example.spring_project.integration.IntegrationTest" time="13.23" tests="6" errors="0" skipped="0" failures="0">
  <properties>
[...]
</properties>
  <testcase name="givenValidData_whenUpdateCourse_thenOkShouldBeReturn" classname="org.example.spring_project.integration.IntegrationTest" time="1.476">
    <system-out><![CDATA[21:22:26.720 [main] INFO org.springframework.test.context.support.AnnotationConfigContextLoaderUtils -- Could not detect default configuration classes for test class [org.example.spring_project.integration.IntegrationTest]: IntegrationTest does not declare any static, non-private, non-final, nested classes annotated with @Configuration.
21:22:26.967 [main] INFO org.springframework.boot.test.context.SpringBootTestContextBootstrapper -- Found @SpringBootConfiguration org.example.spring_project.SpringProjectApplication for test class org.example.spring_project.integration.IntegrationTest

  .   ____          _            __ _ _
 /\\ / ___'_ __ _ _(_)_ __  __ _ \ \ \ \
( ( )\___ | '_ | '_| | '_ \/ _` | \ \ \ \
 \\/  ___)| |_)| | | | | || (_| |  ) ) ) )
  '  |____| .__|_| |_|_| |_\__, | / / / /
 =========|_|==============|___/=/_/_/_/
 :: Spring Boot ::                (v3.2.3)

2024-04-01T21:22:27.750+03:30  INFO 18360 --- [spring_project] [           main] o.e.s.integration.IntegrationTest        : Starting IntegrationTest using Java 17.0.9 with PID 18360 (started by Oveis in C:\Users\Oveis\IdeaProjects\spring_project)
2024-04-01T21:22:27.754+03:30  INFO 18360 --- [spring_project] [           main] o.e.s.integration.IntegrationTest        : No active profile set, falling back to 1 default profile: "default"
2024-04-01T21:22:29.205+03:30  INFO 18360 --- [spring_project] [           main] .s.d.r.c.RepositoryConfigurationDelegate : Bootstrapping Spring Data JPA repositories in DEFAULT mode.
2024-04-01T21:22:29.331+03:30  INFO 18360 --- [spring_project] [           main] .s.d.r.c.RepositoryConfigurationDelegate : Finished Spring Data repository scanning in 108 ms. Found 3 JPA repository interfaces.
2024-04-01T21:22:30.461+03:30  INFO 18360 --- [spring_project] [           main] o.s.b.w.embedded.tomcat.TomcatWebServer  : Tomcat initialized with port 0 (http)
2024-04-01T21:22:30.477+03:30  INFO 18360 --- [spring_project] [           main] o.apache.catalina.core.StandardService   : Starting service [Tomcat]
2024-04-01T21:22:30.478+03:30  INFO 18360 --- [spring_project] [           main] o.apache.catalina.core.StandardEngine    : Starting Servlet engine: [Apache Tomcat/10.1.19]
2024-04-01T21:22:30.587+03:30  INFO 18360 --- [spring_project] [           main] o.a.c.c.C.[Tomcat].[localhost].[/]       : Initializing Spring embedded WebApplicationContext
2024-04-01T21:22:30.589+03:30  INFO 18360 --- [spring_project] [           main] w.s.c.ServletWebServerApplicationContext : Root WebApplicationContext: initialization completed in 2802 ms
2024-04-01T21:22:30.864+03:30  INFO 18360 --- [spring_project] [           main] o.hibernate.jpa.internal.util.LogHelper  : HHH000204: Processing PersistenceUnitInfo [name: default]
2024-04-01T21:22:30.976+03:30  INFO 18360 --- [spring_project] [           main] org.hibernate.Version                    : HHH000412: Hibernate ORM core version 6.4.4.Final
2024-04-01T21:22:31.043+03:30  INFO 18360 --- [spring_project] [           main] o.h.c.internal.RegionFactoryInitiator    : HHH000026: Second-level cache disabled
2024-04-01T21:22:31.474+03:30  INFO 18360 --- [spring_project] [           main] o.s.o.j.p.SpringPersistenceUnitInfo      : No LoadTimeWeaver setup: ignoring JPA class transformer
2024-04-01T21:22:31.537+03:30  INFO 18360 --- [spring_project] [           main] com.zaxxer.hikari.HikariDataSource       : HikariPool-1 - Starting...
2024-04-01T21:22:31.856+03:30  INFO 18360 --- [spring_project] [           main] com.zaxxer.hikari.pool.HikariPool        : HikariPool-1 - Added connection conn0: url=jdbc:h2:mem:testdb user=SA
2024-04-01T21:22:31.859+03:30  INFO 18360 --- [spring_project] [           main] com.zaxxer.hikari.HikariDataSource       : HikariPool-1 - Start completed.
2024-04-01T21:22:31.919+03:30  WARN 18360 --- [spring_project] [           main] org.hibernate.orm.deprecation            : HHH90000025: H2Dialect does not need to be specified explicitly using 'hibernate.dialect' (remove the property setting and it will be selected by default)
2024-04-01T21:22:33.925+03:30  INFO 18360 --- [spring_project] [           main] o.h.e.t.j.p.i.JtaPlatformInitiator       : HHH000489: No JTA platform available (set 'hibernate.transaction.jta.platform' to enable JTA platform integration)
Hibernate: drop table if exists course cascade 
Hibernate: drop table if exists course_student cascade 
Hibernate: drop table if exists professor cascade 
Hibernate: drop table if exists student cascade 
Hibernate: create table course (code integer not null unique, units integer not null, id bigint generated by default as identity, professor_id bigint, title varchar(255) not null, primary key (id))
Hibernate: create table course_student (course_id bigint not null, student_id bigint not null, primary key (course_id, student_id))
Hibernate: create table professor (code integer not null unique, birth_day timestamp(6) not null, id bigint generated by default as identity, national_code bigint unique, academic_rank varchar(255) not null check (academic_rank in ('ASSISTANT_PROFESSOR','ASSOCIATE_PROFESSOR','PROFESSOR')), family varchar(255) not null, gender varchar(255) not null check (gender in ('MALE','FEMALE')), name varchar(255) not null, password varchar(255) not null, username varchar(255) not null unique, primary key (id))
Hibernate: create table student (birth_day timestamp(6) not null, id bigint generated by default as identity, national_code bigint unique, std_number bigint not null unique, academic_level varchar(255) not null check (academic_level in ('MASTER','PHD','BACHELOR')), family varchar(255) not null, gender varchar(255) not null check (gender in ('MALE','FEMALE')), name varchar(255) not null, password varchar(255) not null, username varchar(255) not null unique, primary key (id))
Hibernate: alter table if exists course add constraint FKqctak3o6xmul2nu2561al3pb5 foreign key (professor_id) references professor
Hibernate: alter table if exists course_student add constraint FK4xxxkt1m6afc9vxp3ryb0xfhi foreign key (student_id) references student
Hibernate: alter table if exists course_student add constraint FKlmj50qx9k98b7li5li74nnylb foreign key (course_id) references course
2024-04-01T21:22:34.000+03:30  INFO 18360 --- [spring_project] [           main] j.LocalContainerEntityManagerFactoryBean : Initialized JPA EntityManagerFactory for persistence unit 'default'
2024-04-01T21:22:35.141+03:30  WARN 18360 --- [spring_project] [           main] JpaBaseConfiguration$JpaWebConfiguration : spring.jpa.open-in-view is enabled by default. Therefore, database queries may be performed during view rendering. Explicitly configure spring.jpa.open-in-view to disable this warning
2024-04-01T21:22:37.219+03:30  INFO 18360 --- [spring_project] [           main] o.a.c.c.C.[Tomcat].[localhost].[/]       : Initializing Spring TestDispatcherServlet ''
2024-04-01T21:22:37.219+03:30  INFO 18360 --- [spring_project] [           main] o.s.t.web.servlet.TestDispatcherServlet  : Initializing Servlet ''
2024-04-01T21:22:37.222+03:30  INFO 18360 --- [spring_project] [           main] o.s.t.web.servlet.TestDispatcherServlet  : Completed initialization in 2 ms
2024-04-01T21:22:37.338+03:30  INFO 18360 --- [spring_project] [           main] o.s.b.w.embedded.tomcat.TomcatWebServer  : Tomcat started on port 6500 (http) with context path ''
2024-04-01T21:22:37.353+03:30  INFO 18360 --- [spring_project] [           main] o.e.s.integration.IntegrationTest        : Started IntegrationTest in 10.068 seconds (process running for 11.955)
Hibernate: select c1_0.id,c1_0.code,c1_0.professor_id,c1_0.title,c1_0.units from course c1_0
Hibernate: select c1_0.id,c1_0.code,c1_0.professor_id,c1_0.title,c1_0.units from course c1_0 where c1_0.code=?
Hibernate: insert into course (code,professor_id,title,units,id) values (?,?,?,?,default)
Hibernate: select s1_0.id,s1_0.academic_level,s1_0.birth_day,s1_0.family,s1_0.gender,s1_0.name,s1_0.national_code,s1_0.password,s1_0.std_number,s1_0.username from student s1_0 where s1_0.national_code=?
Hibernate: select s1_0.id,s1_0.academic_level,s1_0.birth_day,s1_0.family,s1_0.gender,s1_0.name,s1_0.national_code,s1_0.password,s1_0.std_number,s1_0.username from student s1_0 where s1_0.username=?
Hibernate: select s1_0.id,s1_0.academic_level,s1_0.birth_day,s1_0.family,s1_0.gender,s1_0.name,s1_0.national_code,s1_0.password,s1_0.std_number,s1_0.username from student s1_0 where s1_0.std_number=?
Hibernate: insert into student (academic_level,birth_day,family,gender,name,national_code,password,std_number,username,id) values (?,?,?,?,?,?,?,?,?,default)
Hibernate: select c1_0.id,c1_0.code,p1_0.id,p1_0.academic_rank,p1_0.birth_day,p1_0.code,p1_0.family,p1_0.gender,p1_0.name,p1_0.national_code,p1_0.password,p1_0.username,s1_0.course_id,s1_1.id,s1_1.academic_level,s1_1.birth_day,s1_1.family,s1_1.gender,s1_1.name,s1_1.national_code,s1_1.password,s1_1.std_number,s1_1.username,c1_0.title,c1_0.units from course c1_0 left join professor p1_0 on p1_0.id=c1_0.professor_id left join course_student s1_0 on c1_0.id=s1_0.course_id left join student s1_1 on s1_1.id=s1_0.student_id where c1_0.id=?
Hibernate: select c1_0.id,c1_0.code,p1_0.id,p1_0.academic_rank,p1_0.birth_day,p1_0.code,p1_0.family,p1_0.gender,p1_0.name,p1_0.national_code,p1_0.password,p1_0.username,s1_0.course_id,s1_1.id,s1_1.academic_level,s1_1.birth_day,s1_1.family,s1_1.gender,s1_1.name,s1_1.national_code,s1_1.password,s1_1.std_number,s1_1.username,c1_0.title,c1_0.units from course c1_0 left join professor p1_0 on p1_0.id=c1_0.professor_id left join course_student s1_0 on c1_0.id=s1_0.course_id left join student s1_1 on s1_1.id=s1_0.student_id where c1_0.id=?
Hibernate: select s1_0.id,s1_0.academic_level,s1_0.birth_day,s1_0.family,s1_0.gender,s1_0.name,s1_0.national_code,s1_0.password,s1_0.std_number,s1_0.username from student s1_0 where s1_0.id=?
Hibernate: insert into course_student (course_id,student_id) values (?,?)
Hibernate: select c1_0.id,c1_0.code,c1_0.professor_id,c1_0.title,c1_0.units from course c1_0
Hibernate: select s1_0.course_id,s1_1.id,s1_1.academic_level,s1_1.birth_day,s1_1.family,s1_1.gender,s1_1.name,s1_1.national_code,s1_1.password,s1_1.std_number,s1_1.username from course_student s1_0 join student s1_1 on s1_1.id=s1_0.student_id where s1_0.course_id=?
Hibernate: delete from course_student where course_id=?
Hibernate: delete from student where id=?
Hibernate: delete from course where id=?
Hibernate: select s1_0.id,s1_0.academic_level,s1_0.birth_day,s1_0.family,s1_0.gender,s1_0.name,s1_0.national_code,s1_0.password,s1_0.std_number,s1_0.username from student s1_0
Hibernate: select c1_0.id,c1_0.code,c1_0.professor_id,c1_0.title,c1_0.units from course c1_0 where c1_0.code=?
Hibernate: insert into course (code,professor_id,title,units,id) values (?,?,?,?,default)
Hibernate: select c1_0.id,c1_0.code,p1_0.id,p1_0.academic_rank,p1_0.birth_day,p1_0.code,p1_0.family,p1_0.gender,p1_0.name,p1_0.national_code,p1_0.password,p1_0.username,s1_0.course_id,s1_1.id,s1_1.academic_level,s1_1.birth_day,s1_1.family,s1_1.gender,s1_1.name,s1_1.national_code,s1_1.password,s1_1.std_number,s1_1.username,c1_0.title,c1_0.units from course c1_0 left join professor p1_0 on p1_0.id=c1_0.professor_id left join course_student s1_0 on c1_0.id=s1_0.course_id left join student s1_1 on s1_1.id=s1_0.student_id where c1_0.id=?
Hibernate: update course set code=?,professor_id=?,title=?,units=? where id=?
]]></system-out>
  </testcase>
  <testcase name="givenValidData_whenFindAllCourse_thenAllCourseShouldBeReturn" classname="org.example.spring_project.integration.IntegrationTest" time="0.066">
    <system-out><![CDATA[Hibernate: select c1_0.id,c1_0.code,c1_0.professor_id,c1_0.title,c1_0.units from course c1_0
Hibernate: select s1_0.course_id,s1_1.id,s1_1.academic_level,s1_1.birth_day,s1_1.family,s1_1.gender,s1_1.name,s1_1.national_code,s1_1.password,s1_1.std_number,s1_1.username from course_student s1_0 join student s1_1 on s1_1.id=s1_0.student_id where s1_0.course_id=?
Hibernate: delete from course where id=?
Hibernate: select s1_0.id,s1_0.academic_level,s1_0.birth_day,s1_0.family,s1_0.gender,s1_0.name,s1_0.national_code,s1_0.password,s1_0.std_number,s1_0.username from student s1_0
Hibernate: select c1_0.id,c1_0.code,c1_0.professor_id,c1_0.title,c1_0.units from course c1_0 where c1_0.code=?
Hibernate: insert into course (code,professor_id,title,units,id) values (?,?,?,?,default)
Hibernate: select c1_0.id,c1_0.code,c1_0.professor_id,c1_0.title,c1_0.units from course c1_0 where c1_0.code=?
Hibernate: insert into course (code,professor_id,title,units,id) values (?,?,?,?,default)
Hibernate: select c1_0.id,c1_0.code,c1_0.professor_id,c1_0.title,c1_0.units from course c1_0
Hibernate: select s1_0.course_id,s1_1.id,s1_1.academic_level,s1_1.birth_day,s1_1.family,s1_1.gender,s1_1.name,s1_1.national_code,s1_1.password,s1_1.std_number,s1_1.username from course_student s1_0 join student s1_1 on s1_1.id=s1_0.student_id where s1_0.course_id=?
Hibernate: select s1_0.course_id,s1_1.id,s1_1.academic_level,s1_1.birth_day,s1_1.family,s1_1.gender,s1_1.name,s1_1.national_code,s1_1.password,s1_1.std_number,s1_1.username from course_student s1_0 join student s1_1 on s1_1.id=s1_0.student_id where s1_0.course_id=?

MockHttpServletRequest:
      HTTP Method = GET
      Request URI = /course/v1/list
       Parameters = {}
          Headers = []
             Body = null
    Session Attrs = {}

Handler:
             Type = org.example.spring_project.controller.CourseController
           Method = org.example.spring_project.controller.CourseController#findAll()

Async:
    Async started = false
     Async result = null

Resolved Exception:
             Type = null

ModelAndView:
        View name = null
             View = null
            Model = null

FlashMap:
       Attributes = null

MockHttpServletResponse:
           Status = 200
    Error message = null
          Headers = [Content-Type:"application/json"]
     Content type = application/json
             Body = [{"id":3,"code":4,"title":"course4","units":3,"nameProfessor":null,"studentNumbers":[]},{"id":4,"code":5,"title":"course5","units":3,"nameProfessor":null,"studentNumbers":[]}]
    Forwarded URL = null
   Redirected URL = null
          Cookies = []
]]></system-out>
  </testcase>
  <testcase name="givenValidData_whenDeleteCourse_thenNoContentShouldBeReturn" classname="org.example.spring_project.integration.IntegrationTest" time="0.07">
    <system-out><![CDATA[Hibernate: select c1_0.id,c1_0.code,c1_0.professor_id,c1_0.title,c1_0.units from course c1_0
Hibernate: select s1_0.course_id,s1_1.id,s1_1.academic_level,s1_1.birth_day,s1_1.family,s1_1.gender,s1_1.name,s1_1.national_code,s1_1.password,s1_1.std_number,s1_1.username from course_student s1_0 join student s1_1 on s1_1.id=s1_0.student_id where s1_0.course_id=?
Hibernate: select s1_0.course_id,s1_1.id,s1_1.academic_level,s1_1.birth_day,s1_1.family,s1_1.gender,s1_1.name,s1_1.national_code,s1_1.password,s1_1.std_number,s1_1.username from course_student s1_0 join student s1_1 on s1_1.id=s1_0.student_id where s1_0.course_id=?
Hibernate: delete from course where id=?
Hibernate: delete from course where id=?
Hibernate: select s1_0.id,s1_0.academic_level,s1_0.birth_day,s1_0.family,s1_0.gender,s1_0.name,s1_0.national_code,s1_0.password,s1_0.std_number,s1_0.username from student s1_0
Hibernate: select c1_0.id,c1_0.code,c1_0.professor_id,c1_0.title,c1_0.units from course c1_0 where c1_0.code=?
Hibernate: insert into course (code,professor_id,title,units,id) values (?,?,?,?,default)
Hibernate: select c1_0.id,c1_0.code,p1_0.id,p1_0.academic_rank,p1_0.birth_day,p1_0.code,p1_0.family,p1_0.gender,p1_0.name,p1_0.national_code,p1_0.password,p1_0.username,s1_0.course_id,s1_1.id,s1_1.academic_level,s1_1.birth_day,s1_1.family,s1_1.gender,s1_1.name,s1_1.national_code,s1_1.password,s1_1.std_number,s1_1.username,c1_0.title,c1_0.units from course c1_0 left join professor p1_0 on p1_0.id=c1_0.professor_id left join course_student s1_0 on c1_0.id=s1_0.course_id left join student s1_1 on s1_1.id=s1_0.student_id where c1_0.id=?
Hibernate: delete from course where id=?
Hibernate: select c1_0.id,c1_0.code,p1_0.id,p1_0.academic_rank,p1_0.birth_day,p1_0.code,p1_0.family,p1_0.gender,p1_0.name,p1_0.national_code,p1_0.password,p1_0.username,s1_0.course_id,s1_1.id,s1_1.academic_level,s1_1.birth_day,s1_1.family,s1_1.gender,s1_1.name,s1_1.national_code,s1_1.password,s1_1.std_number,s1_1.username,c1_0.title,c1_0.units from course c1_0 left join professor p1_0 on p1_0.id=c1_0.professor_id left join course_student s1_0 on c1_0.id=s1_0.course_id left join student s1_1 on s1_1.id=s1_0.student_id where c1_0.id=?
]]></system-out>
  </testcase>
  <testcase name="givenValidData_whenSaveCourse_thenIsCreatedShouldBeReturn" classname="org.example.spring_project.integration.IntegrationTest" time="0.025">
    <system-out><![CDATA[Hibernate: select c1_0.id,c1_0.code,c1_0.professor_id,c1_0.title,c1_0.units from course c1_0
Hibernate: select s1_0.id,s1_0.academic_level,s1_0.birth_day,s1_0.family,s1_0.gender,s1_0.name,s1_0.national_code,s1_0.password,s1_0.std_number,s1_0.username from student s1_0
Hibernate: select c1_0.id,c1_0.code,c1_0.professor_id,c1_0.title,c1_0.units from course c1_0 where c1_0.code=?
Hibernate: insert into course (code,professor_id,title,units,id) values (?,?,?,?,default)
]]></system-out>
  </testcase>
  <testcase name="givenValidData_whenFindByIdCourse_thenCourseShouldBeReturn" classname="org.example.spring_project.integration.IntegrationTest" time="0.034">
    <system-out><![CDATA[Hibernate: select c1_0.id,c1_0.code,c1_0.professor_id,c1_0.title,c1_0.units from course c1_0
Hibernate: select s1_0.course_id,s1_1.id,s1_1.academic_level,s1_1.birth_day,s1_1.family,s1_1.gender,s1_1.name,s1_1.national_code,s1_1.password,s1_1.std_number,s1_1.username from course_student s1_0 join student s1_1 on s1_1.id=s1_0.student_id where s1_0.course_id=?
Hibernate: delete from course where id=?
Hibernate: select s1_0.id,s1_0.academic_level,s1_0.birth_day,s1_0.family,s1_0.gender,s1_0.name,s1_0.national_code,s1_0.password,s1_0.std_number,s1_0.username from student s1_0
Hibernate: select c1_0.id,c1_0.code,c1_0.professor_id,c1_0.title,c1_0.units from course c1_0 where c1_0.code=?
Hibernate: insert into course (code,professor_id,title,units,id) values (?,?,?,?,default)
Hibernate: select c1_0.id,c1_0.code,p1_0.id,p1_0.academic_rank,p1_0.birth_day,p1_0.code,p1_0.family,p1_0.gender,p1_0.name,p1_0.national_code,p1_0.password,p1_0.username,s1_0.course_id,s1_1.id,s1_1.academic_level,s1_1.birth_day,s1_1.family,s1_1.gender,s1_1.name,s1_1.national_code,s1_1.password,s1_1.std_number,s1_1.username,c1_0.title,c1_0.units from course c1_0 left join professor p1_0 on p1_0.id=c1_0.professor_id left join course_student s1_0 on c1_0.id=s1_0.course_id left join student s1_1 on s1_1.id=s1_0.student_id where c1_0.id=?
]]></system-out>
  </testcase>
  <testcase name="givenValidData_whenListStudents_thenAllStudentShouldBeReturn" classname="org.example.spring_project.integration.IntegrationTest" time="0.058">
    <system-out><![CDATA[Hibernate: select c1_0.id,c1_0.code,c1_0.professor_id,c1_0.title,c1_0.units from course c1_0
Hibernate: select s1_0.course_id,s1_1.id,s1_1.academic_level,s1_1.birth_day,s1_1.family,s1_1.gender,s1_1.name,s1_1.national_code,s1_1.password,s1_1.std_number,s1_1.username from course_student s1_0 join student s1_1 on s1_1.id=s1_0.student_id where s1_0.course_id=?
Hibernate: delete from course where id=?
Hibernate: select s1_0.id,s1_0.academic_level,s1_0.birth_day,s1_0.family,s1_0.gender,s1_0.name,s1_0.national_code,s1_0.password,s1_0.std_number,s1_0.username from student s1_0
Hibernate: select c1_0.id,c1_0.code,c1_0.professor_id,c1_0.title,c1_0.units from course c1_0 where c1_0.code=?
Hibernate: insert into course (code,professor_id,title,units,id) values (?,?,?,?,default)
Hibernate: select s1_0.id,s1_0.academic_level,s1_0.birth_day,s1_0.family,s1_0.gender,s1_0.name,s1_0.national_code,s1_0.password,s1_0.std_number,s1_0.username from student s1_0 where s1_0.national_code=?
Hibernate: select s1_0.id,s1_0.academic_level,s1_0.birth_day,s1_0.family,s1_0.gender,s1_0.name,s1_0.national_code,s1_0.password,s1_0.std_number,s1_0.username from student s1_0 where s1_0.username=?
Hibernate: select s1_0.id,s1_0.academic_level,s1_0.birth_day,s1_0.family,s1_0.gender,s1_0.name,s1_0.national_code,s1_0.password,s1_0.std_number,s1_0.username from student s1_0 where s1_0.std_number=?
Hibernate: insert into student (academic_level,birth_day,family,gender,name,national_code,password,std_number,username,id) values (?,?,?,?,?,?,?,?,?,default)
Hibernate: select c1_0.id,c1_0.code,p1_0.id,p1_0.academic_rank,p1_0.birth_day,p1_0.code,p1_0.family,p1_0.gender,p1_0.name,p1_0.national_code,p1_0.password,p1_0.username,s1_0.course_id,s1_1.id,s1_1.academic_level,s1_1.birth_day,s1_1.family,s1_1.gender,s1_1.name,s1_1.national_code,s1_1.password,s1_1.std_number,s1_1.username,c1_0.title,c1_0.units from course c1_0 left join professor p1_0 on p1_0.id=c1_0.professor_id left join course_student s1_0 on c1_0.id=s1_0.course_id left join student s1_1 on s1_1.id=s1_0.student_id where c1_0.id=?
Hibernate: select c1_0.id,c1_0.code,p1_0.id,p1_0.academic_rank,p1_0.birth_day,p1_0.code,p1_0.family,p1_0.gender,p1_0.name,p1_0.national_code,p1_0.password,p1_0.username,s1_0.course_id,s1_1.id,s1_1.academic_level,s1_1.birth_day,s1_1.family,s1_1.gender,s1_1.name,s1_1.national_code,s1_1.password,s1_1.std_number,s1_1.username,c1_0.title,c1_0.units from course c1_0 left join professor p1_0 on p1_0.id=c1_0.professor_id left join course_student s1_0 on c1_0.id=s1_0.course_id left join student s1_1 on s1_1.id=s1_0.student_id where c1_0.id=?
Hibernate: select s1_0.id,s1_0.academic_level,s1_0.birth_day,s1_0.family,s1_0.gender,s1_0.name,s1_0.national_code,s1_0.password,s1_0.std_number,s1_0.username from student s1_0 where s1_0.id=?
Hibernate: insert into course_student (course_id,student_id) values (?,?)
Hibernate: select c1_0.id,c1_0.code,c1_0.professor_id,c1_0.title,c1_0.units from course c1_0 where c1_0.code=?
Hibernate: select s1_0.course_id,s1_1.id,s1_1.academic_level,s1_1.birth_day,s1_1.family,s1_1.gender,s1_1.name,s1_1.national_code,s1_1.password,s1_1.std_number,s1_1.username from course_student s1_0 join student s1_1 on s1_1.id=s1_0.student_id where s1_0.course_id=?
Hibernate: select c1_0.student_id,c1_1.id,c1_1.code,p1_0.id,p1_0.academic_rank,p1_0.birth_day,p1_0.code,p1_0.family,p1_0.gender,p1_0.name,p1_0.national_code,p1_0.password,p1_0.username,c1_1.title,c1_1.units from course_student c1_0 join course c1_1 on c1_1.id=c1_0.course_id left join professor p1_0 on p1_0.id=c1_1.professor_id where c1_0.student_id=?
]]></system-out>
  </testcase>
</testsuite>